<?xml version="1.0" encoding="UTF-8"?>
<testng-results ignored="0" total="1" passed="1" failed="0" skipped="0">
  <reporter-output>
  </reporter-output>
  <suite started-at="2023-09-07T04:20:47Z" name="Default suite" finished-at="2023-09-07T04:21:06Z" duration-ms="18814">
    <groups>
    </groups>
    <test started-at="2023-09-07T04:20:47Z" name="Default test" finished-at="2023-09-07T04:21:06Z" duration-ms="18814">
      <class name="selenium.java.MathmeticCaptchastyle">
        <test-method is-config="true" signature="steup()[pri:0, instance:selenium.java.MathmeticCaptchastyle@20d28811]" started-at="2023-09-07T04:20:47Z" name="steup" finished-at="2023-09-07T04:21:00Z" duration-ms="12984" status="PASS">
          <reporter-output>
          </reporter-output>
        </test-method> <!-- steup -->
        <test-method signature="mathcaptcha()[pri:0, instance:selenium.java.MathmeticCaptchastyle@20d28811]" started-at="2023-09-07T04:21:00Z" name="mathcaptcha" finished-at="2023-09-07T04:21:06Z" duration-ms="5779" status="PASS">
          <reporter-output>
          </reporter-output>
        </test-method> <!-- mathcaptcha -->
        <test-method is-config="true" signature="close()[pri:0, instance:selenium.java.MathmeticCaptchastyle@20d28811]" started-at="2023-09-07T04:21:06Z" name="close" finished-at="2023-09-07T04:21:06Z" duration-ms="0" status="PASS">
          <reporter-output>
          </reporter-output>
        </test-method> <!-- close -->
      </class> <!-- selenium.java.MathmeticCaptchastyle -->
    </test> <!-- Default test -->
  </suite> <!-- Default suite -->
</testng-results>
